{
  "export_type": "wazuh_search_results",
  "scenario": "scenario_b",
  "description": "Off-hours privileged logon on PHI workstation clin-ws-07 (T1078.002, T1059.001, T1530)",
  "source_index": "meddefense-evidence-2026-03",
  "generated_from": "reference_output/evidence_handoff/data/enriched_events.json",
  "generated_at": "2026-06-04T00:00:00Z",
  "query": {
    "kql": "agent.name:\"clin-ws-07\" AND winlog.event_id:(4624 OR 4672 OR 1 OR 3)",
    "lucene": "agent.name:\"clin-ws-07\" AND winlog.event_id:(4624 OR 4672 OR 1 OR 3)",
    "time_start": "2026-03-25T02:17:00Z",
    "time_end": "2026-03-25T02:23:00Z"
  },
  "hits_total": 11,
  "hits_returned": 11,
  "note": "This export represents what the Wazuh dashboard would return for scenario_b. Field names follow Wazuh/OpenSearch conventions (see field_mapping.json).",
  "events": [
    {
      "@timestamp": "2026-03-25T02:17:00Z",
      "_id": "e7f265cf-72f1-434b-a8ea-a332156ff2b0",
      "_index": "meddefense-evidence-2026-03",
      "_source": {
        "@timestamp": "2026-03-25T02:17:00Z",
        "agent": {
          "name": "clin-ws-07",
          "type": "windows_json",
          "labels": {
            "hostname": "clin-ws-07",
            "ip": "10.1.10.7",
            "role": "Clinical Workstation",
            "criticality": "MEDIUM",
            "os": "Windows 11 Enterprise",
            "owner": "sarah.park",
            "zone": "CLINICAL",
            "site": "MAIN"
          }
        },
        "source": {
          "ip": "10.0.1.1",
          "port": null,
          "zone": "DMZ"
        },
        "destination": {
          "ip": null,
          "port": null,
          "zone": null
        },
        "user": {
          "name": "p.morales"
        },
        "process": {
          "name": null
        },
        "network": {
          "transport": null,
          "direction": null
        },
        "winlog": {
          "event_id": 4624,
          "channel": "Security"
        },
        "rule": {
          "groups": [
            "authentication"
          ],
          "level": 4,
          "description": "An account was successfully logged on. Subject: p.morales Logon Type: 10"
        },
        "full_log": "An account was successfully logged on. Subject: p.morales Logon Type: 10",
        "data.source_origin": "evidence_pack",
        "event_data": {
          "TargetUserName": "p.morales",
          "TargetDomainName": "MEDDEFENSE",
          "LogonType": "10",
          "IpAddress": "10.0.1.1",
          "IpPort": "52341",
          "WorkstationName": "CLIN-WS-07"
        }
      }
    },
    {
      "@timestamp": "2026-03-25T02:17:02Z",
      "_id": "06c08ad1-baea-4dfe-ba93-e9d25c8af167",
      "_index": "meddefense-evidence-2026-03",
      "_source": {
        "@timestamp": "2026-03-25T02:17:02Z",
        "agent": {
          "name": "clin-ws-07",
          "type": "windows_json",
          "labels": {
            "hostname": "clin-ws-07",
            "ip": "10.1.10.7",
            "role": "Clinical Workstation",
            "criticality": "MEDIUM",
            "os": "Windows 11 Enterprise",
            "owner": "sarah.park",
            "zone": "CLINICAL",
            "site": "MAIN"
          }
        },
        "source": {
          "ip": null,
          "port": null,
          "zone": null
        },
        "destination": {
          "ip": null,
          "port": null,
          "zone": null
        },
        "user": {
          "name": "p.morales"
        },
        "process": {
          "name": null
        },
        "network": {
          "transport": null,
          "direction": null
        },
        "winlog": {
          "event_id": 4672,
          "channel": "Security"
        },
        "rule": {
          "groups": [
            "authentication"
          ],
          "level": 4,
          "description": "Special privileges assigned to new logon. User: p.morales"
        },
        "full_log": "Special privileges assigned to new logon. User: p.morales",
        "data.source_origin": "evidence_pack",
        "event_data": {
          "SubjectUserName": "p.morales",
          "SubjectDomainName": "MEDDEFENSE",
          "PrivilegeList": "SeBackupPrivilege\n\t\tSeRestorePrivilege"
        }
      }
    },
    {
      "@timestamp": "2026-03-25T02:17:20Z",
      "_id": "307707bd-474a-4c08-81cd-93603c479027",
      "_index": "meddefense-evidence-2026-03",
      "_source": {
        "@timestamp": "2026-03-25T02:17:20Z",
        "agent": {
          "name": "clin-ws-07",
          "type": "windows_json",
          "labels": {
            "hostname": "clin-ws-07",
            "ip": "10.1.10.7",
            "role": "Clinical Workstation",
            "criticality": "MEDIUM",
            "os": "Windows 11 Enterprise",
            "owner": "sarah.park",
            "zone": "CLINICAL",
            "site": "MAIN"
          }
        },
        "source": {
          "ip": "10.1.10.12",
          "port": null,
          "zone": "CLINICAL"
        },
        "destination": {
          "ip": null,
          "port": null,
          "zone": null
        },
        "user": {
          "name": "m.johnson"
        },
        "process": {
          "name": null
        },
        "network": {
          "transport": null,
          "direction": null
        },
        "winlog": {
          "event_id": 4624,
          "channel": "Security"
        },
        "rule": {
          "groups": [
            "authentication"
          ],
          "level": 4,
          "description": "An account was successfully logged on. Subject: m.johnson Logon Type: 10"
        },
        "full_log": "An account was successfully logged on. Subject: m.johnson Logon Type: 10",
        "data.source_origin": "evidence_pack",
        "event_data": {
          "TargetUserName": "m.johnson",
          "TargetDomainName": "MEDDEFENSE",
          "LogonType": "10",
          "IpAddress": "10.1.10.12",
          "IpPort": "58576",
          "WorkstationName": "CLIN-WS-07"
        }
      }
    },
    {
      "@timestamp": "2026-03-25T02:17:48Z",
      "_id": "6629bef3-17be-4e29-9d14-03ea37fc64af",
      "_index": "meddefense-evidence-2026-03",
      "_source": {
        "@timestamp": "2026-03-25T02:17:48Z",
        "agent": {
          "name": "clin-ws-07",
          "type": "windows_json",
          "labels": {
            "hostname": "clin-ws-07",
            "ip": "10.1.10.7",
            "role": "Clinical Workstation",
            "criticality": "MEDIUM",
            "os": "Windows 11 Enterprise",
            "owner": "sarah.park",
            "zone": "CLINICAL",
            "site": "MAIN"
          }
        },
        "source": {
          "ip": "10.1.12.1",
          "port": null,
          "zone": "ADMIN"
        },
        "destination": {
          "ip": null,
          "port": null,
          "zone": null
        },
        "user": {
          "name": "f.lee"
        },
        "process": {
          "name": null
        },
        "network": {
          "transport": null,
          "direction": null
        },
        "winlog": {
          "event_id": 4624,
          "channel": "Security"
        },
        "rule": {
          "groups": [
            "authentication"
          ],
          "level": 4,
          "description": "An account was successfully logged on. Subject: f.lee Logon Type: 10"
        },
        "full_log": "An account was successfully logged on. Subject: f.lee Logon Type: 10",
        "data.source_origin": "evidence_pack",
        "event_data": {
          "TargetUserName": "f.lee",
          "TargetDomainName": "MEDDEFENSE",
          "LogonType": "10",
          "IpAddress": "10.1.12.1",
          "IpPort": "50479",
          "WorkstationName": "CLIN-WS-07"
        }
      }
    },
    {
      "@timestamp": "2026-03-25T02:19:37Z",
      "_id": "636a099d-d719-4c4c-9c09-4602e6ee7a14",
      "_index": "meddefense-evidence-2026-03",
      "_source": {
        "@timestamp": "2026-03-25T02:19:37Z",
        "agent": {
          "name": "clin-ws-07",
          "type": "windows_json",
          "labels": {
            "hostname": "clin-ws-07",
            "ip": "10.1.10.7",
            "role": "Clinical Workstation",
            "criticality": "MEDIUM",
            "os": "Windows 11 Enterprise",
            "owner": "sarah.park",
            "zone": "CLINICAL",
            "site": "MAIN"
          }
        },
        "source": {
          "ip": null,
          "port": null,
          "zone": null
        },
        "destination": {
          "ip": null,
          "port": null,
          "zone": null
        },
        "user": {
          "name": null
        },
        "process": {
          "name": null
        },
        "network": {
          "transport": null,
          "direction": null
        },
        "winlog": {
          "event_id": 5140,
          "channel": "Security"
        },
        "rule": {
          "groups": [
            "system"
          ],
          "level": 1,
          "description": "Audit event 5140"
        },
        "full_log": "Audit event 5140",
        "data.source_origin": "evidence_pack",
        "event_data": {
          "EventID": "5140"
        }
      }
    },
    {
      "@timestamp": "2026-03-25T02:18:23Z",
      "_id": "f2bf68ba-b0cd-41d2-8bf7-6bff6e0f3a21",
      "_index": "meddefense-evidence-2026-03",
      "_source": {
        "@timestamp": "2026-03-25T02:18:23Z",
        "agent": {
          "name": "clin-ws-07",
          "type": "windows_json",
          "labels": {
            "hostname": "clin-ws-07",
            "ip": "10.1.10.7",
            "role": "Clinical Workstation",
            "criticality": "MEDIUM",
            "os": "Windows 11 Enterprise",
            "owner": "sarah.park",
            "zone": "CLINICAL",
            "site": "MAIN"
          }
        },
        "source": {
          "ip": null,
          "port": null,
          "zone": null
        },
        "destination": {
          "ip": null,
          "port": null,
          "zone": null
        },
        "user": {
          "name": null
        },
        "process": {
          "name": null
        },
        "network": {
          "transport": null,
          "direction": null
        },
        "winlog": {
          "event_id": 23,
          "channel": "Microsoft-Windows-Sysmon/Operational"
        },
        "rule": {
          "groups": [
            "system"
          ],
          "level": 1,
          "description": "Sysmon Event 23"
        },
        "full_log": "Sysmon Event 23",
        "data.source_origin": "evidence_pack",
        "event_data": {
          "RuleName": "-",
          "UtcTime": "2026-03-25T02:18:23Z"
        }
      }
    },
    {
      "@timestamp": "2026-03-25T02:19:42Z",
      "_id": "5de13adb-9690-4132-8f67-d284adcc7bcf",
      "_index": "meddefense-evidence-2026-03",
      "_source": {
        "@timestamp": "2026-03-25T02:19:42Z",
        "agent": {
          "name": "clin-ws-07",
          "type": "windows_json",
          "labels": {
            "hostname": "clin-ws-07",
            "ip": "10.1.10.7",
            "role": "Clinical Workstation",
            "criticality": "MEDIUM",
            "os": "Windows 11 Enterprise",
            "owner": "sarah.park",
            "zone": "CLINICAL",
            "site": "MAIN"
          }
        },
        "source": {
          "ip": null,
          "port": null,
          "zone": null
        },
        "destination": {
          "ip": null,
          "port": null,
          "zone": null
        },
        "user": {
          "name": null
        },
        "process": {
          "name": "explorer.exe"
        },
        "network": {
          "transport": null,
          "direction": null
        },
        "winlog": {
          "event_id": 3,
          "channel": "Microsoft-Windows-Sysmon/Operational"
        },
        "rule": {
          "groups": [
            "network"
          ],
          "level": 4,
          "description": "Network connection: explorer.exe -> 13.107.42.14:80"
        },
        "full_log": "Network connection: explorer.exe -> 13.107.42.14:80",
        "data.source_origin": "evidence_pack",
        "event_data": {
          "RuleName": "-",
          "UtcTime": "2026-03-25T02:19:42Z",
          "Image": "C:\\Windows\\explorer.exe",
          "User": "MEDDEFENSE\\a.thompson",
          "Protocol": "tcp",
          "Initiated": "true",
          "SourceIp": "10.1.10.7",
          "SourcePort": "60869",
          "DestinationIp": "13.107.42.14",
          "DestinationPort": "80"
        }
      }
    },
    {
      "@timestamp": "2026-03-25T02:20:00Z",
      "_id": "df444197-c660-4d88-8d02-d62aa516f0cd",
      "_index": "meddefense-evidence-2026-03",
      "_source": {
        "@timestamp": "2026-03-25T02:20:00Z",
        "agent": {
          "name": "clin-ws-07",
          "type": "windows_json",
          "labels": {
            "hostname": "clin-ws-07",
            "ip": "10.1.10.7",
            "role": "Clinical Workstation",
            "criticality": "MEDIUM",
            "os": "Windows 11 Enterprise",
            "owner": "sarah.park",
            "zone": "CLINICAL",
            "site": "MAIN"
          }
        },
        "source": {
          "ip": null,
          "port": null,
          "zone": null
        },
        "destination": {
          "ip": null,
          "port": null,
          "zone": null
        },
        "user": {
          "name": null
        },
        "process": {
          "name": "powershell.exe"
        },
        "network": {
          "transport": null,
          "direction": null
        },
        "winlog": {
          "event_id": 1,
          "channel": "Microsoft-Windows-Sysmon/Operational"
        },
        "rule": {
          "groups": [
            "process"
          ],
          "level": 4,
          "description": "Process Create: powershell.exe spawned by explorer.exe"
        },
        "full_log": "Process Create: powershell.exe spawned by explorer.exe",
        "data.source_origin": "evidence_pack",
        "event_data": {
          "RuleName": "-",
          "UtcTime": "2026-03-25T02:20:00Z",
          "ProcessId": "8412",
          "Image": "C:\\Windows\\System32\\WindowsPowerShell\\v1.0\\powershell.exe",
          "CommandLine": "powershell.exe -ExecutionPolicy Bypass -File C:\\Temp\\export_records.ps1",
          "User": "MEDDEFENSE\\p.morales",
          "IntegrityLevel": "High",
          "ParentImage": "C:\\Windows\\explorer.exe",
          "ParentCommandLine": "C:\\Windows\\explorer.exe",
          "ParentUser": "MEDDEFENSE\\p.morales"
        }
      }
    },
    {
      "@timestamp": "2026-03-25T02:20:12Z",
      "_id": "6da5b848-6561-42aa-819f-e7c548bfc256",
      "_index": "meddefense-evidence-2026-03",
      "_source": {
        "@timestamp": "2026-03-25T02:20:12Z",
        "agent": {
          "name": "clin-ws-07",
          "type": "windows_json",
          "labels": {
            "hostname": "clin-ws-07",
            "ip": "10.1.10.7",
            "role": "Clinical Workstation",
            "criticality": "MEDIUM",
            "os": "Windows 11 Enterprise",
            "owner": "sarah.park",
            "zone": "CLINICAL",
            "site": "MAIN"
          }
        },
        "source": {
          "ip": null,
          "port": null,
          "zone": null
        },
        "destination": {
          "ip": null,
          "port": null,
          "zone": null
        },
        "user": {
          "name": null
        },
        "process": {
          "name": "powershell.exe"
        },
        "network": {
          "transport": null,
          "direction": null
        },
        "winlog": {
          "event_id": 3,
          "channel": "Microsoft-Windows-Sysmon/Operational"
        },
        "rule": {
          "groups": [
            "network"
          ],
          "level": 4,
          "description": "Network connection: powershell.exe -> 10.1.2.30:443"
        },
        "full_log": "Network connection: powershell.exe -> 10.1.2.30:443",
        "data.source_origin": "evidence_pack",
        "event_data": {
          "RuleName": "-",
          "UtcTime": "2026-03-25T02:20:12Z",
          "Image": "C:\\Windows\\System32\\WindowsPowerShell\\v1.0\\powershell.exe",
          "User": "MEDDEFENSE\\p.morales",
          "Protocol": "tcp",
          "Initiated": "true",
          "SourceIp": "10.1.10.7",
          "SourcePort": "52890",
          "DestinationIp": "10.1.2.30",
          "DestinationPort": "443",
          "DestinationHostname": "srv-ehr-01"
        }
      }
    },
    {
      "@timestamp": "2026-03-25T02:21:13Z",
      "_id": "e395f99b-2db2-469a-b19b-42f6b8a812c3",
      "_index": "meddefense-evidence-2026-03",
      "_source": {
        "@timestamp": "2026-03-25T02:21:13Z",
        "agent": {
          "name": "clin-ws-07",
          "type": "windows_json",
          "labels": {
            "hostname": "clin-ws-07",
            "ip": "10.1.10.7",
            "role": "Clinical Workstation",
            "criticality": "MEDIUM",
            "os": "Windows 11 Enterprise",
            "owner": "sarah.park",
            "zone": "CLINICAL",
            "site": "MAIN"
          }
        },
        "source": {
          "ip": null,
          "port": null,
          "zone": null
        },
        "destination": {
          "ip": null,
          "port": null,
          "zone": null
        },
        "user": {
          "name": null
        },
        "process": {
          "name": "csrss.exe"
        },
        "network": {
          "transport": null,
          "direction": null
        },
        "winlog": {
          "event_id": 1,
          "channel": "Microsoft-Windows-Sysmon/Operational"
        },
        "rule": {
          "groups": [
            "process"
          ],
          "level": 4,
          "description": "Process Create: C:\\Windows\\System32\\csrss.exe by smss.exe"
        },
        "full_log": "Process Create: C:\\Windows\\System32\\csrss.exe by smss.exe",
        "data.source_origin": "evidence_pack",
        "event_data": {
          "RuleName": "-",
          "UtcTime": "2026-03-25T02:21:13Z",
          "ProcessId": "7771",
          "Image": "C:\\Windows\\System32\\csrss.exe",
          "CommandLine": "C:\\Windows\\System32\\csrss.exe",
          "User": "MEDDEFENSE\\y.walker",
          "IntegrityLevel": "System",
          "ParentImage": "C:\\Windows\\System32\\smss.exe",
          "ParentCommandLine": "C:\\Windows\\System32\\smss.exe",
          "ParentUser": "MEDDEFENSE\\y.walker"
        }
      }
    },
    {
      "@timestamp": "2026-03-25T02:22:39Z",
      "_id": "cc905122-9b9e-4870-8e17-08a65df2fcd4",
      "_index": "meddefense-evidence-2026-03",
      "_source": {
        "@timestamp": "2026-03-25T02:22:39Z",
        "agent": {
          "name": "clin-ws-07",
          "type": "windows_json",
          "labels": {
            "hostname": "clin-ws-07",
            "ip": "10.1.10.7",
            "role": "Clinical Workstation",
            "criticality": "MEDIUM",
            "os": "Windows 11 Enterprise",
            "owner": "sarah.park",
            "zone": "CLINICAL",
            "site": "MAIN"
          }
        },
        "source": {
          "ip": null,
          "port": null,
          "zone": null
        },
        "destination": {
          "ip": null,
          "port": null,
          "zone": null
        },
        "user": {
          "name": null
        },
        "process": {
          "name": null
        },
        "network": {
          "transport": null,
          "direction": null
        },
        "winlog": {
          "event_id": 4104,
          "channel": "Microsoft-Windows-PowerShell/Operational"
        },
        "rule": {
          "groups": [
            "process"
          ],
          "level": 8,
          "description": "Creating Scriptblock text (46 characters):\nGet-ChildItem -Path 'C:\\Windows\\Temp' -Recurse"
        },
        "full_log": "Creating Scriptblock text (46 characters):\nGet-ChildItem -Path 'C:\\Windows\\Temp' -Recurse",
        "data.source_origin": "evidence_pack",
        "event_data": {
          "MessageNumber": "1",
          "MessageTotal": "1",
          "ScriptBlockText": "Get-ChildItem -Path 'C:\\Windows\\Temp' -Recurse",
          "ScriptBlockId": "efe4a551422b3d13050649577cb7a3b2",
          "Path": ""
        }
      }
    }
  ]
}